2025-05-18 20:58:53,443 [INFO] Starting Sigma Analyzer
2025-05-18 20:58:53,445 [INFO] Configuration: {
  "LOG_DIR": "/var/log/sigma",
  "COMPILED_RULES_DIR": "/app/compiled",
  "LOKI_URL": "http://loki:3100",
  "QUERY_WINDOW": 5,
  "SLEEP_INTERVAL": 300,
  "ALERT_WEBHOOK": "",
  "LOG_LEVEL": "INFO"
}
2025-05-18 20:58:53,448 [INFO] Processing window: 2025-05-18 23:53:53.447393 to 2025-05-18 23:58:53.448800
2025-05-18 20:58:53,451 [INFO] Executing rule: Survey_Phishing_Lure.logql
2025-05-18 20:58:53,451 [INFO] Executing rule: Multiple_Detection_Single_Email.logql
2025-05-18 20:58:53,453 [INFO] Executing rule: Gift_Card_Scam_Attempt.logql
2025-05-18 20:58:53,454 [INFO] Executing rule: Email_YARA-Detected.logql
2025-05-18 20:58:53,500 [INFO] Executing rule: Quarantined_Same_Sender.logql
2025-05-18 20:58:53,508 [INFO] Executing rule: Subject_keyword.logql
2025-05-18 20:58:53,521 [INFO] Executing rule: EICAR_Test_File_Detection.logql
2025-05-18 20:58:53,532 [INFO] Executing rule: Email_Executable_Attachment.logql
2025-05-18 20:58:53,552 [INFO] Executing rule: Email_Reinjection_Activity.logql
2025-05-18 20:58:53,573 [INFO] Executing rule: postfix_bruteforce.logql
2025-05-18 20:58:53,581 [INFO] Executing rule: Phishing_URL_Encoding_Evasion.logql
2025-05-18 20:58:53,601 [INFO] Executing rule: Quarantine_Event.logql
2025-05-18 20:58:53,613 [INFO] Executing rule: Compressed_File_Attachment.logql
2025-05-18 20:58:53,622 [INFO] Executing rule: Malicious_JavaScript_Attachment.logql
2025-05-18 20:58:53,634 [INFO] Executing rule: Urgency_Based_Phishing Attempt.logql
2025-05-18 20:58:53,648 [INFO] Executing rule: click_here_with_link.logql
2025-05-18 20:58:53,662 [INFO] Executing rule: Password_Hint_Emails.logql
2025-05-18 20:58:53,671 [INFO] Executing rule: Executable_PDF_Attachments.logql
2025-05-18 20:58:53,681 [INFO] Executing rule: postfix_mass_mailing.logql
2025-05-18 20:58:53,696 [INFO] Executing rule: Executable_File_Detection.logql
2025-05-18 20:58:53,743 [INFO] Sleeping for 300 seconds
2025-05-18 21:03:45,355 [INFO] Processing window: 2025-05-18 23:58:53.448800 to 2025-05-19 00:03:45.355052
2025-05-18 21:03:45,358 [INFO] Executing rule: Survey_Phishing_Lure.logql
2025-05-18 21:03:45,359 [INFO] Executing rule: Multiple_Detection_Single_Email.logql
2025-05-18 21:03:45,360 [INFO] Executing rule: Gift_Card_Scam_Attempt.logql
2025-05-18 21:03:45,360 [INFO] Executing rule: Email_YARA-Detected.logql
2025-05-18 21:03:45,429 [INFO] Executing rule: Quarantined_Same_Sender.logql
2025-05-18 21:03:45,459 [INFO] Executing rule: Subject_keyword.logql
2025-05-18 21:03:45,493 [INFO] Executing rule: EICAR_Test_File_Detection.logql
2025-05-18 21:03:45,523 [INFO] Executing rule: Email_Executable_Attachment.logql
2025-05-18 21:03:45,596 [INFO] Executing rule: Email_Reinjection_Activity.logql
2025-05-18 21:03:45,622 [INFO] Executing rule: postfix_bruteforce.logql
2025-05-18 21:03:45,664 [INFO] Executing rule: Phishing_URL_Encoding_Evasion.logql
2025-05-18 21:03:45,701 [INFO] Executing rule: Quarantine_Event.logql
2025-05-18 21:03:45,730 [INFO] Executing rule: Compressed_File_Attachment.logql
2025-05-18 21:03:45,753 [INFO] Executing rule: Malicious_JavaScript_Attachment.logql
2025-05-18 21:03:45,777 [INFO] Executing rule: Urgency_Based_Phishing Attempt.logql
2025-05-18 21:03:45,818 [INFO] Executing rule: click_here_with_link.logql
2025-05-18 21:03:45,843 [INFO] Executing rule: Password_Hint_Emails.logql
2025-05-18 21:03:45,863 [INFO] Executing rule: Executable_PDF_Attachments.logql
2025-05-18 21:03:45,892 [INFO] Executing rule: postfix_mass_mailing.logql
2025-05-18 21:03:45,917 [INFO] Executing rule: Executable_File_Detection.logql
2025-05-18 21:03:46,015 [INFO] Sleeping for 300 seconds
2025-05-18 21:08:37,439 [INFO] Processing window: 2025-05-19 00:03:45.355052 to 2025-05-19 00:08:37.438975
2025-05-18 21:08:37,443 [INFO] Executing rule: Survey_Phishing_Lure.logql
2025-05-18 21:08:37,443 [INFO] Executing rule: Multiple_Detection_Single_Email.logql
2025-05-18 21:08:37,444 [INFO] Executing rule: Gift_Card_Scam_Attempt.logql
2025-05-18 21:08:37,445 [INFO] Executing rule: Email_YARA-Detected.logql
2025-05-18 21:08:37,472 [INFO] Executing rule: Quarantined_Same_Sender.logql
2025-05-18 21:08:37,481 [INFO] Executing rule: Subject_keyword.logql
2025-05-18 21:08:37,491 [INFO] Executing rule: EICAR_Test_File_Detection.logql
2025-05-18 21:08:37,503 [INFO] Executing rule: Email_Executable_Attachment.logql
2025-05-18 21:08:37,520 [INFO] Executing rule: Email_Reinjection_Activity.logql
2025-05-18 21:08:37,532 [INFO] Executing rule: postfix_bruteforce.logql
2025-05-18 21:08:37,552 [INFO] Executing rule: Phishing_URL_Encoding_Evasion.logql
2025-05-18 21:08:37,564 [INFO] Executing rule: Quarantine_Event.logql
2025-05-18 21:08:37,574 [INFO] Executing rule: Compressed_File_Attachment.logql
2025-05-18 21:08:37,583 [INFO] Executing rule: Malicious_JavaScript_Attachment.logql
2025-05-18 21:08:37,594 [INFO] Executing rule: Urgency_Based_Phishing Attempt.logql
2025-05-18 21:08:37,608 [INFO] Executing rule: click_here_with_link.logql
2025-05-18 21:08:37,619 [INFO] Executing rule: Password_Hint_Emails.logql
2025-05-18 21:08:37,633 [INFO] Executing rule: Executable_PDF_Attachments.logql
2025-05-18 21:08:37,645 [INFO] Executing rule: postfix_mass_mailing.logql
2025-05-18 21:08:37,654 [INFO] Executing rule: Executable_File_Detection.logql
2025-05-18 21:08:37,696 [INFO] Sleeping for 300 seconds
2025-05-18 21:13:28,841 [INFO] Processing window: 2025-05-19 00:08:37.438975 to 2025-05-19 00:13:28.840906
2025-05-18 21:13:28,843 [INFO] Executing rule: Survey_Phishing_Lure.logql
2025-05-18 21:13:28,844 [INFO] Executing rule: Multiple_Detection_Single_Email.logql
2025-05-18 21:13:28,845 [INFO] Executing rule: Gift_Card_Scam_Attempt.logql
2025-05-18 21:13:28,845 [INFO] Executing rule: Email_YARA-Detected.logql
2025-05-18 21:13:28,867 [INFO] Executing rule: Quarantined_Same_Sender.logql
2025-05-18 21:13:28,877 [INFO] Executing rule: Subject_keyword.logql
2025-05-18 21:13:28,893 [INFO] Executing rule: EICAR_Test_File_Detection.logql
2025-05-18 21:13:28,903 [INFO] Executing rule: Email_Executable_Attachment.logql
2025-05-18 21:13:28,918 [INFO] Executing rule: Email_Reinjection_Activity.logql
2025-05-18 21:13:28,931 [INFO] Executing rule: postfix_bruteforce.logql
2025-05-18 21:13:28,940 [INFO] Executing rule: Phishing_URL_Encoding_Evasion.logql
2025-05-18 21:13:28,950 [INFO] Executing rule: Quarantine_Event.logql
2025-05-18 21:13:28,960 [INFO] Executing rule: Compressed_File_Attachment.logql
2025-05-18 21:13:28,974 [INFO] Executing rule: Malicious_JavaScript_Attachment.logql
2025-05-18 21:13:28,990 [INFO] Executing rule: Urgency_Based_Phishing Attempt.logql
2025-05-18 21:13:29,003 [INFO] Executing rule: click_here_with_link.logql
2025-05-18 21:13:29,013 [INFO] Executing rule: Password_Hint_Emails.logql
2025-05-18 21:13:29,024 [INFO] Executing rule: Executable_PDF_Attachments.logql
2025-05-18 21:13:29,033 [INFO] Executing rule: postfix_mass_mailing.logql
2025-05-18 21:13:29,043 [INFO] Executing rule: Executable_File_Detection.logql
2025-05-18 21:13:29,085 [INFO] Sleeping for 300 seconds
2025-05-18 21:18:20,016 [INFO] Processing window: 2025-05-19 00:13:28.840906 to 2025-05-19 00:18:20.016076
2025-05-18 21:18:20,019 [INFO] Executing rule: Survey_Phishing_Lure.logql
2025-05-18 21:18:20,020 [INFO] Executing rule: Multiple_Detection_Single_Email.logql
2025-05-18 21:18:20,020 [INFO] Executing rule: Gift_Card_Scam_Attempt.logql
2025-05-18 21:18:20,021 [INFO] Executing rule: Email_YARA-Detected.logql
2025-05-18 21:18:20,051 [INFO] Executing rule: Quarantined_Same_Sender.logql
2025-05-18 21:18:20,063 [INFO] Executing rule: Subject_keyword.logql
2025-05-18 21:18:20,073 [INFO] Executing rule: EICAR_Test_File_Detection.logql
2025-05-18 21:18:20,089 [INFO] Executing rule: Email_Executable_Attachment.logql
2025-05-18 21:18:20,106 [INFO] Executing rule: Email_Reinjection_Activity.logql
2025-05-18 21:18:20,116 [INFO] Executing rule: postfix_bruteforce.logql
2025-05-18 21:18:20,128 [INFO] Executing rule: Phishing_URL_Encoding_Evasion.logql
2025-05-18 21:18:20,140 [INFO] Executing rule: Quarantine_Event.logql
2025-05-18 21:18:20,150 [INFO] Executing rule: Compressed_File_Attachment.logql
2025-05-18 21:18:20,161 [INFO] Executing rule: Malicious_JavaScript_Attachment.logql
2025-05-18 21:18:20,172 [INFO] Executing rule: Urgency_Based_Phishing Attempt.logql
2025-05-18 21:18:20,192 [INFO] Executing rule: click_here_with_link.logql
2025-05-18 21:18:20,203 [INFO] Executing rule: Password_Hint_Emails.logql
2025-05-18 21:18:20,211 [INFO] Executing rule: Executable_PDF_Attachments.logql
2025-05-18 21:18:20,222 [INFO] Executing rule: postfix_mass_mailing.logql
2025-05-18 21:18:20,233 [INFO] Executing rule: Executable_File_Detection.logql
2025-05-18 21:18:20,272 [INFO] Sleeping for 300 seconds
2025-05-18 21:21:00,079 [INFO] Starting Sigma Analyzer
2025-05-18 21:21:00,080 [INFO] Configuration: {
  "LOG_DIR": "/var/log/sigma",
  "COMPILED_RULES_DIR": "/app/compiled",
  "LOKI_URL": "http://loki:3100",
  "QUERY_WINDOW": 5,
  "SLEEP_INTERVAL": 300,
  "ALERT_WEBHOOK": "",
  "LOG_LEVEL": "INFO"
}
2025-05-18 21:21:01,019 [INFO] Starting Sigma Analyzer
2025-05-18 21:21:01,021 [INFO] Configuration: {
  "LOG_DIR": "/var/log/sigma",
  "COMPILED_RULES_DIR": "/app/compiled",
  "LOKI_URL": "http://loki:3100",
  "QUERY_WINDOW": 5,
  "SLEEP_INTERVAL": 300,
  "ALERT_WEBHOOK": "",
  "LOG_LEVEL": "INFO"
}
2025-05-18 21:21:01,941 [INFO] Starting Sigma Analyzer
2025-05-18 21:21:01,942 [INFO] Configuration: {
  "LOG_DIR": "/var/log/sigma",
  "COMPILED_RULES_DIR": "/app/compiled",
  "LOKI_URL": "http://loki:3100",
  "QUERY_WINDOW": 5,
  "SLEEP_INTERVAL": 300,
  "ALERT_WEBHOOK": "",
  "LOG_LEVEL": "INFO"
}
2025-05-18 21:21:02,880 [INFO] Starting Sigma Analyzer
2025-05-18 21:21:02,881 [INFO] Configuration: {
  "LOG_DIR": "/var/log/sigma",
  "COMPILED_RULES_DIR": "/app/compiled",
  "LOKI_URL": "http://loki:3100",
  "QUERY_WINDOW": 5,
  "SLEEP_INTERVAL": 300,
  "ALERT_WEBHOOK": "",
  "LOG_LEVEL": "INFO"
}
2025-05-18 21:21:04,216 [INFO] Starting Sigma Analyzer
2025-05-18 21:21:04,218 [INFO] Configuration: {
  "LOG_DIR": "/var/log/sigma",
  "COMPILED_RULES_DIR": "/app/compiled",
  "LOKI_URL": "http://loki:3100",
  "QUERY_WINDOW": 5,
  "SLEEP_INTERVAL": 300,
  "ALERT_WEBHOOK": "",
  "LOG_LEVEL": "INFO"
}
2025-05-18 21:21:06,388 [INFO] Starting Sigma Analyzer
2025-05-18 21:21:06,390 [INFO] Configuration: {
  "LOG_DIR": "/var/log/sigma",
  "COMPILED_RULES_DIR": "/app/compiled",
  "LOKI_URL": "http://loki:3100",
  "QUERY_WINDOW": 5,
  "SLEEP_INTERVAL": 300,
  "ALERT_WEBHOOK": "",
  "LOG_LEVEL": "INFO"
}
2025-05-18 21:21:10,133 [INFO] Starting Sigma Analyzer
2025-05-18 21:21:10,134 [INFO] Configuration: {
  "LOG_DIR": "/var/log/sigma",
  "COMPILED_RULES_DIR": "/app/compiled",
  "LOKI_URL": "http://loki:3100",
  "QUERY_WINDOW": 5,
  "SLEEP_INTERVAL": 300,
  "ALERT_WEBHOOK": "",
  "LOG_LEVEL": "INFO"
}
2025-05-18 21:21:17,097 [INFO] Starting Sigma Analyzer
2025-05-18 21:21:17,098 [INFO] Configuration: {
  "LOG_DIR": "/var/log/sigma",
  "COMPILED_RULES_DIR": "/app/compiled",
  "LOKI_URL": "http://loki:3100",
  "QUERY_WINDOW": 5,
  "SLEEP_INTERVAL": 300,
  "ALERT_WEBHOOK": "",
  "LOG_LEVEL": "INFO"
}
2025-05-18 21:21:29,534 [INFO] Starting Sigma Analyzer
2025-05-18 21:21:29,535 [INFO] Configuration: {
  "LOG_DIR": "/var/log/sigma",
  "COMPILED_RULES_DIR": "/app/compiled",
  "LOKI_URL": "http://loki:3100",
  "QUERY_WINDOW": 5,
  "SLEEP_INTERVAL": 300,
  "ALERT_WEBHOOK": "",
  "LOG_LEVEL": "INFO"
}
2025-05-18 21:21:54,857 [INFO] Starting Sigma Analyzer
2025-05-18 21:21:54,858 [INFO] Configuration: {
  "LOG_DIR": "/var/log/sigma",
  "COMPILED_RULES_DIR": "/app/compiled",
  "LOKI_URL": "http://loki:3100",
  "QUERY_WINDOW": 5,
  "SLEEP_INTERVAL": 300,
  "ALERT_WEBHOOK": "",
  "LOG_LEVEL": "INFO"
}
2025-05-18 21:22:45,793 [INFO] Starting Sigma Analyzer
2025-05-18 21:22:45,795 [INFO] Configuration: {
  "LOG_DIR": "/var/log/sigma",
  "COMPILED_RULES_DIR": "/app/compiled",
  "LOKI_URL": "http://loki:3100",
  "QUERY_WINDOW": 5,
  "SLEEP_INTERVAL": 300,
  "ALERT_WEBHOOK": "",
  "LOG_LEVEL": "INFO"
}
2025-05-18 21:23:44,712 [INFO] Starting Sigma Analyzer
2025-05-18 21:23:44,713 [INFO] Configuration: {
  "LOG_DIR": "/var/log/sigma",
  "COMPILED_RULES_DIR": "/app/compiled",
  "LOKI_URL": "http://loki:3100",
  "QUERY_WINDOW": 5,
  "SLEEP_INTERVAL": 300,
  "ALERT_WEBHOOK": "",
  "LOG_LEVEL": "INFO"
}
2025-05-18 21:24:43,465 [INFO] Starting Sigma Analyzer
2025-05-18 21:24:43,467 [INFO] Configuration: {
  "LOG_DIR": "/var/log/sigma",
  "COMPILED_RULES_DIR": "/app/compiled",
  "LOKI_URL": "http://loki:3100",
  "QUERY_WINDOW": 5,
  "SLEEP_INTERVAL": 300,
  "ALERT_WEBHOOK": "",
  "LOG_LEVEL": "INFO"
}
2025-05-18 21:25:42,293 [INFO] Starting Sigma Analyzer
2025-05-18 21:25:42,294 [INFO] Configuration: {
  "LOG_DIR": "/var/log/sigma",
  "COMPILED_RULES_DIR": "/app/compiled",
  "LOKI_URL": "http://loki:3100",
  "QUERY_WINDOW": 5,
  "SLEEP_INTERVAL": 300,
  "ALERT_WEBHOOK": "",
  "LOG_LEVEL": "INFO"
}
2025-05-18 21:26:41,190 [INFO] Starting Sigma Analyzer
2025-05-18 21:26:41,192 [INFO] Configuration: {
  "LOG_DIR": "/var/log/sigma",
  "COMPILED_RULES_DIR": "/app/compiled",
  "LOKI_URL": "http://loki:3100",
  "QUERY_WINDOW": 5,
  "SLEEP_INTERVAL": 300,
  "ALERT_WEBHOOK": "",
  "LOG_LEVEL": "INFO"
}
2025-05-18 21:27:39,951 [INFO] Starting Sigma Analyzer
2025-05-18 21:27:39,953 [INFO] Configuration: {
  "LOG_DIR": "/var/log/sigma",
  "COMPILED_RULES_DIR": "/app/compiled",
  "LOKI_URL": "http://loki:3100",
  "QUERY_WINDOW": 5,
  "SLEEP_INTERVAL": 300,
  "ALERT_WEBHOOK": "",
  "LOG_LEVEL": "INFO"
}
2025-05-18 21:28:38,281 [INFO] Starting Sigma Analyzer
2025-05-18 21:28:38,282 [INFO] Configuration: {
  "LOG_DIR": "/var/log/sigma",
  "COMPILED_RULES_DIR": "/app/compiled",
  "LOKI_URL": "http://loki:3100",
  "QUERY_WINDOW": 5,
  "SLEEP_INTERVAL": 300,
  "ALERT_WEBHOOK": "",
  "LOG_LEVEL": "INFO"
}
2025-05-18 21:29:36,832 [INFO] Starting Sigma Analyzer
2025-05-18 21:29:36,834 [INFO] Configuration: {
  "LOG_DIR": "/var/log/sigma",
  "COMPILED_RULES_DIR": "/app/compiled",
  "LOKI_URL": "http://loki:3100",
  "QUERY_WINDOW": 5,
  "SLEEP_INTERVAL": 300,
  "ALERT_WEBHOOK": "",
  "LOG_LEVEL": "INFO"
}
